2025-12-01 09:23:00 | INFO | repo=richrates | action=commit
2025-11-01 19:09:00 | DEBUG | repo=richrates | action=commit
2025-10-09 15:23:00 | DEBUG | repo=richrates | action=commit
2025-08-21 15:31:00 | DEBUG | repo=richrates | action=commit
2025-06-23 08:44:00 | INFO | repo=richrates | action=test | passed=true
2025-08-01 16:18:00 | WARN | repo=richrates | action=commit
2025-01-02 12:37:00 | INFO | repo=richrates | action=commit
2025-10-28 18:57:00 | DEBUG | repo=richrates | action=commit
2025-06-17 10:58:00 | INFO | repo=richrates | action=commit
2025-12-03 17:39:00 | WARN | repo=richrates | action=commit
2025-01-07 17:18:00 | DEBUG | repo=richrates | action=edit | files=5
2025-07-03 18:10:00 | WARN | repo=richrates | action=commit
2025-01-13 07:50:00 | DEBUG | repo=richrates | action=commit
2025-09-04 10:14:00 | INFO | repo=richrates | action=commit
2025-10-04 08:23:00 | WARN | repo=richrates | action=commit
2025-04-25 13:07:00 | INFO | repo=richrates | action=commit
2025-08-09 19:22:00 | DEBUG | repo=richrates | action=commit
2025-11-18 19:04:00 | INFO | repo=richrates | action=commit
2025-02-13 08:35:00 | DEBUG | repo=richrates | action=commit
2025-06-21 21:00:00 | DEBUG | repo=richrates | action=commit
2025-03-05 19:00:00 | INFO | repo=richrates | action=test | passed=true
2025-10-12 07:43:00 | WARN | repo=richrates | action=commit
2025-08-18 16:31:00 | DEBUG | repo=richrates | action=commit
2025-06-22 09:04:00 | INFO | repo=richrates | action=commit
2025-12-17 08:42:00 | INFO | repo=richrates | action=pull
2025-03-07 19:27:00 | DEBUG | repo=richrates | action=commit
2025-05-11 12:43:00 | WARN | repo=richrates | action=commit
2025-01-09 10:03:00 | DEBUG | repo=richrates | action=commit
2025-04-07 08:45:00 | WARN | repo=richrates | action=commit
2025-09-09 08:51:00 | INFO | repo=richrates | action=commit
2025-08-24 17:40:00 | INFO | repo=richrates | action=commit
2025-04-20 21:41:00 | DEBUG | repo=richrates | action=commit
2025-06-20 18:05:00 | DEBUG | repo=richrates | action=commit
2025-01-07 17:54:00 | WARN | repo=richrates | action=commit
2025-10-12 09:42:00 | INFO | repo=richrates | action=commit
2025-07-22 18:51:00 | INFO | repo=richrates | action=commit
2025-03-09 11:48:00 | WARN | repo=richrates | action=commit
2025-12-09 21:21:00 | WARN | repo=richrates | action=commit
2025-04-20 18:14:00 | INFO | repo=richrates | action=commit
2025-12-26 20:44:00 | DEBUG | repo=richrates | action=commit
2025-05-06 16:26:00 | DEBUG | repo=richrates | action=pull
2025-09-08 19:58:00 | INFO | repo=richrates | action=test | passed=true
2025-10-03 08:03:00 | INFO | repo=richrates | action=commit
2025-12-12 10:17:00 | WARN | repo=richrates | action=commit
2025-11-02 14:02:00 | INFO | repo=richrates | action=test | passed=true
2025-02-07 14:55:00 | WARN | repo=richrates | action=commit
2025-08-04 19:48:00 | DEBUG | repo=richrates | action=commit
2025-05-02 15:31:00 | WARN | repo=richrates | action=commit
2025-04-27 21:03:00 | DEBUG | repo=richrates | action=commit
2025-09-28 21:55:00 | DEBUG | repo=richrates | action=commit
2025-06-22 09:45:00 | DEBUG | repo=richrates | action=commit
